<?xml version="1.0" encoding="UTF-8"?>
<testsuites name="CreditCardTestSuite" time="28.263" tests="2" failures="0" skips="0" errors="0">
   <testsuite name="CreditCardTestSuite" tests="2" failures="0" errors="0" time="28.263" skips="0" timestamp="2021-02-06 12:18:31" hostname="adrian.soulisa - localhost" id="Test Suites/CreditCard/CreditCardTestSuite">
      <properties>
         <property name="deviceName" value=""/>
         <property name="devicePlatform" value=""/>
         <property name="logFolder" value="/Users/adrian.soulisa/Music/CreditCardTest/Reports/20210206_121823/CreditCard/CreditCardTestSuite/20210206_121823"/>
         <property name="logFiles" value="/Users/adrian.soulisa/Music/CreditCardTest/Reports/20210206_121823/CreditCard/CreditCardTestSuite/20210206_121823/execution0.log"/>
         <property name="attachments" value=""/>
         <property name="hostName" value="adrian.soulisa - localhost"/>
         <property name="os" value="Mac OS X 64bit"/>
         <property name="katalonVersion" value="7.9.1.208"/>
         <property name="browser" value="Chrome 88.0.4324.146"/>
         <property name="hostAddress" value="127.0.0.1"/>
         <property name="sessionId" value="238c700816e8062a6cc51d2a4050b5fd"/>
         <property name="seleniumVersion" value="3.141.59"/>
         <property name="proxyInformation" value="ProxyInformation { proxyOption=NO_PROXY, proxyServerType=HTTP, username=, password=********, proxyServerAddress=, proxyServerPort=0, executionList=&quot;&quot;, isApplyToDesiredCapabilities=true }"/>
         <property name="platform" value="Mac OS X"/>
      </properties>
      <testcase name="Test Cases/Test/TC-01" time="14.063" classname="Test Cases/Test/TC-01" status="PASSED">
         <system-out><![CDATA[2021-02-06 12:18:31 - [TEST_CASE][PASSED] - Test Cases/Test/TC-01: Test Cases/Test/TC-01

2021-02-06 12:18:31 - [TEST_STEP][PASSED] - runFeatureFile("Include/features/BDD/SuccessTransaction.feature"): Feature file: 'Include/features/BDD/SuccessTransaction.feature' was passed

2021-02-06 12:18:31 - [MESSAGE][INFO] - Starting run keyword runFeatureFile: 'Include/features/BDD/SuccessTransaction.feature' and extract report to folder: '/Users/adrian.soulisa/Music/CreditCardTest/Reports/20210206_121823/CreditCard/CreditCardTestSuite/20210206_121823/cucumber_report/1612588711937'...

2021-02-06 12:18:32 - [TEST_CASE][PASSED] - Start Test Case : SCENARIO Checkout CreditCard: SCENARIO Checkout CreditCard

2021-02-06 12:18:32 - [TEST_STEP][PASSED] - I want to checkout pillow: I want to checkout pillow

2021-02-06 12:18:32 - [MESSAGE][INFO] - Starting 'Chrome' driver

2021-02-06 12:18:32 - [MESSAGE][INFO] - Action delay is set to 0 milliseconds

2021-02-06 12:18:36 - [MESSAGE][PASSED] - Browser is opened with url: ''

2021-02-06 12:18:37 - [MESSAGE][PASSED] - Navigate to 'https://demo.midtrans.com/' successfully

2021-02-06 12:18:38 - [MESSAGE][PASSED] - Object: 'Object Repository/Page_Sample Store/a_BUY NOW' is clicked on

2021-02-06 12:18:38 - [MESSAGE][PASSED] - I want to checkout pillow

2021-02-06 12:18:38 - [TEST_STEP][PASSED] - I click checkout in the shooping cart: I click checkout in the shooping cart

2021-02-06 12:18:38 - [MESSAGE][PASSED] - Object: 'Object Repository/Page_Sample Store/div_CHECKOUT' is clicked on

2021-02-06 12:18:39 - [MESSAGE][PASSED] - Object: 'Object Repository/Page_Sample Store/a_Continue' is clicked on

2021-02-06 12:18:39 - [MESSAGE][PASSED] - I click checkout in the shooping cart

2021-02-06 12:18:39 - [TEST_STEP][PASSED] - I click credit card method and insert the number: I click credit card method and insert the number

2021-02-06 12:18:40 - [MESSAGE][PASSED] - Object: 'Object Repository/Page_Sample Store/a_CreditDebit CardPay with Visa, MasterCard_b6120b' is clicked on

2021-02-06 12:18:40 - [MESSAGE][PASSED] - Text '4811 1111 1111 1114' is set on object 'Object Repository/Page_Sample Store/input_sample-store-1612440358_cardnumber'

2021-02-06 12:18:41 - [MESSAGE][PASSED] - Text '02/21' is set on object 'Object Repository/Page_Sample Store/input'

2021-02-06 12:18:41 - [MESSAGE][PASSED] - Text '123' is set on object 'Object Repository/Page_Sample Store/input_1'

2021-02-06 12:18:41 - [MESSAGE][PASSED] - Object: 'Object Repository/Page_Sample Store/a_Pay Now' is clicked on

2021-02-06 12:18:43 - [MESSAGE][PASSED] - Text ****** has been set on object 'Object Repository/Page_Sample Store/input_Password_PaRes'

2021-02-06 12:18:45 - [MESSAGE][PASSED] - Object: 'Object Repository/Page_Sample Store/button_OK' is clicked on

2021-02-06 12:18:45 - [MESSAGE][PASSED] - Object: 'Object Repository/Page_Sample Store/a_Done' is clicked on

2021-02-06 12:18:45 - [MESSAGE][PASSED] - I click credit card method and insert the number

2021-02-06 12:18:45 - [TEST_STEP][PASSED] - Verify the transaction will be successfull: Verify the transaction will be successfull

2021-02-06 12:18:45 - [MESSAGE][PASSED] - Browser is closed

2021-02-06 12:18:45 - [MESSAGE][PASSED] - Verify the transaction will be successfull

2021-02-06 12:18:45 - [MESSAGE][PASSED] - Feature file: 'Include/features/BDD/SuccessTransaction.feature' was passed]]></system-out>
         <system-err><![CDATA[]]></system-err>
      </testcase>
      <testcase name="Test Cases/Test/TC-02" time="10.274" classname="Test Cases/Test/TC-02" status="PASSED">
         <system-out><![CDATA[2021-02-06 12:18:45 - [TEST_CASE][PASSED] - Test Cases/Test/TC-02: Test Cases/Test/TC-02

2021-02-06 12:18:45 - [TEST_STEP][PASSED] - runFeatureFile("Include/features/BDD/UnsuccessfullTransaction.feature"): Feature file: 'Include/features/BDD/UnsuccessfullTransaction.feature' was passed

2021-02-06 12:18:45 - [MESSAGE][INFO] - Starting run keyword runFeatureFile: 'Include/features/BDD/UnsuccessfullTransaction.feature' and extract report to folder: '/Users/adrian.soulisa/Music/CreditCardTest/Reports/20210206_121823/CreditCard/CreditCardTestSuite/20210206_121823/cucumber_report/1612588725876'...

2021-02-06 12:18:45 - [TEST_CASE][PASSED] - Start Test Case : SCENARIO Checkout unsuccessfull Credit Card: SCENARIO Checkout unsuccessfull Credit Card

2021-02-06 12:18:45 - [TEST_STEP][PASSED] - I want to checkout the pillow: I want to checkout the pillow

2021-02-06 12:18:45 - [MESSAGE][INFO] - Starting 'Chrome' driver

2021-02-06 12:18:45 - [MESSAGE][INFO] - Action delay is set to 0 milliseconds

2021-02-06 12:18:47 - [MESSAGE][PASSED] - Browser is opened with url: ''

2021-02-06 12:18:47 - [MESSAGE][PASSED] - Navigate to 'https://demo.midtrans.com/' successfully

2021-02-06 12:18:48 - [MESSAGE][PASSED] - Object: 'Object Repository/Page_Sample Store/a_BUY NOW' is clicked on

2021-02-06 12:18:48 - [MESSAGE][PASSED] - I want to checkout the pillow

2021-02-06 12:18:48 - [TEST_STEP][PASSED] - I click checkout in the shooping cart page: I click checkout in the shooping cart page

2021-02-06 12:18:49 - [MESSAGE][PASSED] - Object: 'Object Repository/Page_Sample Store/div_CHECKOUT' is clicked on

2021-02-06 12:18:50 - [MESSAGE][PASSED] - Object: 'Object Repository/Page_Sample Store/a_Continue' is clicked on

2021-02-06 12:18:50 - [MESSAGE][PASSED] - I click checkout in the shooping cart page

2021-02-06 12:18:50 - [TEST_STEP][PASSED] - I click credit card method and insert the numbers: I click credit card method and insert the numbers

2021-02-06 12:18:50 - [MESSAGE][PASSED] - Object: 'Object Repository/Page_Sample Store/a_CreditDebit CardPay with Visa, MasterCard_b6120b' is clicked on

2021-02-06 12:18:51 - [MESSAGE][PASSED] - Text '4911 1111 1111 1113' is set on object 'Object Repository/Page_Sample Store/input_sample-store-1612440358_cardnumber'

2021-02-06 12:18:51 - [MESSAGE][PASSED] - Text '02/21' is set on object 'Object Repository/Page_Sample Store/input'

2021-02-06 12:18:52 - [MESSAGE][PASSED] - Text '123' is set on object 'Object Repository/Page_Sample Store/input_1'

2021-02-06 12:18:52 - [MESSAGE][PASSED] - Object: 'Object Repository/Page_Sample Store/a_Pay Now' is clicked on

2021-02-06 12:18:54 - [MESSAGE][WARNING] - [SELF-HEALING] Failed to find element with id 'Object Repository/Page_Sample Store/input_Password_PaRes'. Try using Self-healing.

2021-02-06 12:18:54 - [MESSAGE][WARNING] - [SELF-HEALING] The current locator of test object 'Object Repository/Page_Sample Store/input_Password_PaRes' was broken. Propose an alternative one: '//input[@id='PaRes']'.

2021-02-06 12:18:54 - [MESSAGE][PASSED] - Text ****** has been set on object 'Object Repository/Page_Sample Store/input_Password_PaRes'

2021-02-06 12:18:55 - [MESSAGE][PASSED] - Object: 'Object Repository/Page_Sample Store/button_OK' is clicked on

2021-02-06 12:18:55 - [MESSAGE][PASSED] - Object: 'Object Repository/Page_Sample Store/a_Done' is clicked on

2021-02-06 12:18:55 - [MESSAGE][PASSED] - I click credit card method and insert the numbers

2021-02-06 12:18:55 - [TEST_STEP][PASSED] - Verify the transaction will be unsuccessfull: Verify the transaction will be unsuccessfull

2021-02-06 12:18:55 - [MESSAGE][PASSED] - Browser is closed

2021-02-06 12:18:55 - [MESSAGE][PASSED] - Verify the transaction will be unsuccessfull

2021-02-06 12:18:55 - [MESSAGE][PASSED] - Feature file: 'Include/features/BDD/UnsuccessfullTransaction.feature' was passed]]></system-out>
         <system-err><![CDATA[]]></system-err>
      </testcase>
      <system-out><![CDATA[2021-02-06 12:18:31 - [TEST_SUITE][PASSED] - CreditCardTestSuite: Test Cases/Test/TC-02]]></system-out>
      <system-err><![CDATA[]]></system-err>
   </testsuite>
</testsuites>
